2023-03-31T14:03:57.349+05:30  INFO 7744 --- [restartedMain] com.payment.PaymentApplication           : Starting PaymentApplication using Java 18.0.2.1 with PID 7744 (E:\Dasun\payment\target\classes started by U in E:\Dasun\payment)
2023-03-31T14:03:57.349+05:30  INFO 7744 --- [restartedMain] com.payment.PaymentApplication           : No active profile set, falling back to 1 default profile: "default"
2023-03-31T14:03:57.738+05:30  INFO 7744 --- [restartedMain] .s.d.r.c.RepositoryConfigurationDelegate : Bootstrapping Spring Data JPA repositories in DEFAULT mode.
2023-03-31T14:03:57.761+05:30  INFO 7744 --- [restartedMain] .s.d.r.c.RepositoryConfigurationDelegate : Finished Spring Data repository scanning in 23 ms. Found 3 JPA repository interfaces.
2023-03-31T14:03:57.941+05:30  INFO 7744 --- [restartedMain] o.s.b.w.embedded.tomcat.TomcatWebServer  : Tomcat initialized with port(s): 8081 (http)
2023-03-31T14:03:57.943+05:30  INFO 7744 --- [restartedMain] o.apache.catalina.core.StandardService   : Starting service [Tomcat]
2023-03-31T14:03:57.943+05:30  INFO 7744 --- [restartedMain] o.apache.catalina.core.StandardEngine    : Starting Servlet engine: [Apache Tomcat/10.1.7]
2023-03-31T14:03:58.025+05:30  INFO 7744 --- [restartedMain] o.a.c.c.C.[Tomcat].[localhost].[/]       : Initializing Spring embedded WebApplicationContext
2023-03-31T14:03:58.025+05:30  INFO 7744 --- [restartedMain] w.s.c.ServletWebServerApplicationContext : Root WebApplicationContext: initialization completed in 670 ms
2023-03-31T14:03:58.098+05:30  INFO 7744 --- [restartedMain] o.hibernate.jpa.internal.util.LogHelper  : HHH000204: Processing PersistenceUnitInfo [name: default]
2023-03-31T14:03:58.111+05:30  INFO 7744 --- [restartedMain] com.zaxxer.hikari.HikariDataSource       : HikariPool-2 - Starting...
2023-03-31T14:03:58.200+05:30  INFO 7744 --- [restartedMain] com.zaxxer.hikari.pool.HikariPool        : HikariPool-2 - Added connection com.mysql.cj.jdbc.ConnectionImpl@aef6ef6
2023-03-31T14:03:58.200+05:30  INFO 7744 --- [restartedMain] com.zaxxer.hikari.HikariDataSource       : HikariPool-2 - Start completed.
2023-03-31T14:03:58.203+05:30  INFO 7744 --- [restartedMain] SQL dialect                              : HHH000400: Using dialect: org.hibernate.dialect.MySQLDialect
2023-03-31T14:04:18.177+05:30  INFO 3828 --- [restartedMain] com.payment.PaymentApplication           : Starting PaymentApplication using Java 18.0.2.1 with PID 3828 (E:\Dasun\payment\target\classes started by U in E:\Dasun\payment)
2023-03-31T14:04:18.182+05:30  INFO 3828 --- [restartedMain] com.payment.PaymentApplication           : No active profile set, falling back to 1 default profile: "default"
2023-03-31T14:04:18.306+05:30  INFO 3828 --- [restartedMain] .e.DevToolsPropertyDefaultsPostProcessor : Devtools property defaults active! Set 'spring.devtools.add-properties' to 'false' to disable
2023-03-31T14:04:18.307+05:30  INFO 3828 --- [restartedMain] .e.DevToolsPropertyDefaultsPostProcessor : For additional web related logging consider setting the 'logging.level.web' property to 'DEBUG'
2023-03-31T14:04:19.218+05:30  INFO 3828 --- [restartedMain] .s.d.r.c.RepositoryConfigurationDelegate : Bootstrapping Spring Data JPA repositories in DEFAULT mode.
2023-03-31T14:04:19.329+05:30  INFO 3828 --- [restartedMain] .s.d.r.c.RepositoryConfigurationDelegate : Finished Spring Data repository scanning in 90 ms. Found 3 JPA repository interfaces.
2023-03-31T14:04:20.071+05:30  INFO 3828 --- [restartedMain] o.s.b.w.embedded.tomcat.TomcatWebServer  : Tomcat initialized with port(s): 8081 (http)
2023-03-31T14:04:20.084+05:30  INFO 3828 --- [restartedMain] o.apache.catalina.core.StandardService   : Starting service [Tomcat]
2023-03-31T14:04:20.085+05:30  INFO 3828 --- [restartedMain] o.apache.catalina.core.StandardEngine    : Starting Servlet engine: [Apache Tomcat/10.1.7]
2023-03-31T14:04:20.409+05:30  INFO 3828 --- [restartedMain] o.a.c.c.C.[Tomcat].[localhost].[/]       : Initializing Spring embedded WebApplicationContext
2023-03-31T14:04:20.410+05:30  INFO 3828 --- [restartedMain] w.s.c.ServletWebServerApplicationContext : Root WebApplicationContext: initialization completed in 2101 ms
2023-03-31T14:04:20.599+05:30  INFO 3828 --- [restartedMain] o.hibernate.jpa.internal.util.LogHelper  : HHH000204: Processing PersistenceUnitInfo [name: default]
2023-03-31T14:04:20.659+05:30  INFO 3828 --- [restartedMain] org.hibernate.Version                    : HHH000412: Hibernate ORM core version 6.1.7.Final
2023-03-31T14:04:20.978+05:30  INFO 3828 --- [restartedMain] com.zaxxer.hikari.HikariDataSource       : HikariPool-1 - Starting...
2023-03-31T14:04:21.344+05:30  INFO 3828 --- [restartedMain] com.zaxxer.hikari.pool.HikariPool        : HikariPool-1 - Added connection com.mysql.cj.jdbc.ConnectionImpl@5c6f409f
2023-03-31T14:04:21.347+05:30  INFO 3828 --- [restartedMain] com.zaxxer.hikari.HikariDataSource       : HikariPool-1 - Start completed.
2023-03-31T14:04:21.475+05:30  INFO 3828 --- [restartedMain] SQL dialect                              : HHH000400: Using dialect: org.hibernate.dialect.MySQLDialect
2023-03-31T14:04:22.842+05:30  INFO 3828 --- [restartedMain] o.h.e.t.j.p.i.JtaPlatformInitiator       : HHH000490: Using JtaPlatform implementation: [org.hibernate.engine.transaction.jta.platform.internal.NoJtaPlatform]
2023-03-31T14:04:22.855+05:30  INFO 3828 --- [restartedMain] j.LocalContainerEntityManagerFactoryBean : Initialized JPA EntityManagerFactory for persistence unit 'default'
2023-03-31T14:04:23.414+05:30  WARN 3828 --- [restartedMain] JpaBaseConfiguration$JpaWebConfiguration : spring.jpa.open-in-view is enabled by default. Therefore, database queries may be performed during view rendering. Explicitly configure spring.jpa.open-in-view to disable this warning
2023-03-31T14:04:23.812+05:30  INFO 3828 --- [restartedMain] o.s.b.d.a.OptionalLiveReloadServer       : LiveReload server is running on port 35729
2023-03-31T14:04:23.865+05:30  INFO 3828 --- [restartedMain] o.s.b.w.embedded.tomcat.TomcatWebServer  : Tomcat started on port(s): 8081 (http) with context path ''
2023-03-31T14:04:23.879+05:30  INFO 3828 --- [restartedMain] com.payment.PaymentApplication           : Started PaymentApplication in 6.294 seconds (process running for 7.179)
2023-03-31T14:04:32.444+05:30  INFO 3828 --- [http-nio-8081-exec-1] o.a.c.c.C.[Tomcat].[localhost].[/]       : Initializing Spring DispatcherServlet 'dispatcherServlet'
2023-03-31T14:04:32.444+05:30  INFO 3828 --- [http-nio-8081-exec-1] o.s.web.servlet.DispatcherServlet        : Initializing Servlet 'dispatcherServlet'
2023-03-31T14:04:32.447+05:30  INFO 3828 --- [http-nio-8081-exec-1] o.s.web.servlet.DispatcherServlet        : Completed initialization in 2 ms
2023-03-31T14:04:32.516+05:30  INFO 3828 --- [http-nio-8081-exec-1] c.payment.service.CustomerServiceImpl    : start getting All customers
2023-03-31T14:04:32.797+05:30  INFO 3828 --- [http-nio-8081-exec-1] c.payment.service.CustomerServiceImpl    : end getting All customers
2023-03-31T14:04:38.309+05:30  INFO 3828 --- [http-nio-8081-exec-2] c.payment.service.MerchantServiceImpl    : start find merchant by ID : 1
2023-03-31T14:04:38.340+05:30  INFO 3828 --- [http-nio-8081-exec-2] c.payment.service.MerchantServiceImpl    : end find merchant by ID : 1
2023-03-31T14:05:26.872+05:30  INFO 3828 --- [File Watcher] rtingClassPathChangeChangedEventListener : Restarting due to 1 class path change (0 additions, 0 deletions, 1 modification)
2023-03-31T14:05:26.909+05:30  INFO 3828 --- [Thread-5] o.apache.catalina.core.StandardService   : Stopping service [Tomcat]
2023-03-31T14:05:26.911+05:30  INFO 3828 --- [Thread-5] o.a.c.c.C.[Tomcat].[localhost].[/]       : Destroying Spring FrameworkServlet 'dispatcherServlet'
2023-03-31T14:05:26.920+05:30  INFO 3828 --- [Thread-5] j.LocalContainerEntityManagerFactoryBean : Closing JPA EntityManagerFactory for persistence unit 'default'
2023-03-31T14:05:26.924+05:30  INFO 3828 --- [Thread-5] com.zaxxer.hikari.HikariDataSource       : HikariPool-1 - Shutdown initiated...
2023-03-31T14:05:26.935+05:30  INFO 3828 --- [Thread-5] com.zaxxer.hikari.HikariDataSource       : HikariPool-1 - Shutdown completed.
